<?xml version="1.0" encoding="UTF-8"?>
<testng-results skipped="0" failed="0" ignored="0" total="2" passed="2">
  <reporter-output>
  </reporter-output>
  <suite name="Default suite" duration-ms="19612" started-at="2022-12-07T10:57:34 IST" finished-at="2022-12-07T10:57:53 IST">
    <groups>
    </groups>
    <test name="Default test" duration-ms="19612" started-at="2022-12-07T10:57:34 IST" finished-at="2022-12-07T10:57:53 IST">
      <class name="string_programs.SegregateString">
        <test-method status="PASS" signature="ascend()[pri:0, instance:string_programs.SegregateString@1a1d6a08]" name="ascend" duration-ms="12065" started-at="2022-12-07T10:57:34 IST" finished-at="2022-12-07T10:57:46 IST">
          <reporter-output>
          </reporter-output>
        </test-method> <!-- ascend -->
        <test-method status="PASS" signature="descend()[pri:0, instance:string_programs.SegregateString@1a1d6a08]" name="descend" duration-ms="7492" started-at="2022-12-07T10:57:46 IST" finished-at="2022-12-07T10:57:53 IST">
          <reporter-output>
          </reporter-output>
        </test-method> <!-- descend -->
      </class> <!-- string_programs.SegregateString -->
    </test> <!-- Default test -->
  </suite> <!-- Default suite -->
</testng-results>
