<?xml version="1.0" encoding="UTF-8"?>
<testng-results skipped="0" failed="0" ignored="0" total="2" passed="2">
  <reporter-output>
  </reporter-output>
  <suite name="Default suite" duration-ms="39" started-at="2022-12-06T13:45:38 IST" finished-at="2022-12-06T13:45:38 IST">
    <groups>
    </groups>
    <test name="Default test" duration-ms="39" started-at="2022-12-06T13:45:38 IST" finished-at="2022-12-06T13:45:38 IST">
      <class name="arrays_programs.First3MinNumSumAndPro">
        <test-method status="PASS" signature="min1()[pri:0, instance:arrays_programs.First3MinNumSumAndPro@1a1d6a08]" name="min1" duration-ms="15" started-at="2022-12-06T13:45:38 IST" finished-at="2022-12-06T13:45:38 IST">
          <reporter-output>
          </reporter-output>
        </test-method> <!-- min1 -->
        <test-method status="PASS" signature="min2()[pri:0, instance:arrays_programs.First3MinNumSumAndPro@1a1d6a08]" name="min2" duration-ms="0" started-at="2022-12-06T13:45:38 IST" finished-at="2022-12-06T13:45:38 IST">
          <reporter-output>
          </reporter-output>
        </test-method> <!-- min2 -->
      </class> <!-- arrays_programs.First3MinNumSumAndPro -->
    </test> <!-- Default test -->
  </suite> <!-- Default suite -->
</testng-results>
